[73313:259:0709/135601.719720:WARNING:chrome_main_delegate.cc(742)] This is Chrome version 126.0.6478.127 (not a warning)
[73313:259:0709/135602.221358:INFO:chrome_browser_cloud_management_controller.cc(196)] No machine level policy manager exists.
[73313:259:0709/135602.263462:WARNING:browser_management_service.cc(128)] EnterpriseLogoUrl fetch failed with error code -1 and MIME type 
[73313:259:0709/135603.159847:INFO:CONSOLE(35)] "🚀 container.buildInfo.environment is deprecated.Please use `container.environment.stage` instead", source: https://assets.adobedtm.com/c953b70ef9d9/ccc0c669e691/launch-ce4de90e0d0c.min.js (35)
[73313:259:0709/135611.571220:INFO:CONSOLE(35)] "🚀 container.buildInfo.environment is deprecated.Please use `container.environment.stage` instead", source: https://assets.adobedtm.com/c953b70ef9d9/ccc0c669e691/launch-ce4de90e0d0c.min.js (35)
[73313:259:0709/135611.611282:INFO:CONSOLE(225)] "Uncaught TypeError: Cannot read properties of undefined (reading 'indexOf')", source: https://static12.samsungcard.com/js/s-wedding/login/UWDDWSCO02M0.js (225)
[73313:259:0709/135611.612831:INFO:CONSOLE(0)] "[DOM] Input elements should have autocomplete attributes (suggested: "current-password"): (More info: https://goo.gl/9p2vKq) %o", source: https://s-wedding.samsungcard.com/login/UWDDWSCO02M0.jsp?wedgAcoC=02&returnUrl= (0)
[73313:259:0709/135612.916835:INFO:CONSOLE(35)] "🚀 container.buildInfo.environment is deprecated.Please use `container.environment.stage` instead", source: https://assets.adobedtm.com/c953b70ef9d9/ccc0c669e691/launch-ce4de90e0d0c.min.js (35)
[73313:259:0709/135614.865621:INFO:CONSOLE(225)] "Uncaught TypeError: Cannot read properties of undefined (reading 'indexOf')", source: https://static12.samsungcard.com/js/s-wedding/login/UWDDWSCO02M0.js (225)
[73313:259:0709/135614.866818:INFO:CONSOLE(0)] "[DOM] Input elements should have autocomplete attributes (suggested: "current-password"): (More info: https://goo.gl/9p2vKq) %o", source: https://s-wedding.samsungcard.com/login/UWDDWSCO02M0.jsp?wedgAcoC=02&returnUrl= (0)
[73313:259:0709/135614.867109:INFO:CONSOLE(35)] "🚀 container.buildInfo.environment is deprecated.Please use `container.environment.stage` instead", source: https://assets.adobedtm.com/c953b70ef9d9/ccc0c669e691/launch-ce4de90e0d0c.min.js (35)
[73313:259:0709/135625.618555:INFO:CONSOLE(35)] "🚀 container.buildInfo.environment is deprecated.Please use `container.environment.stage` instead", source: https://assets.adobedtm.com/c953b70ef9d9/ccc0c669e691/launch-ce4de90e0d0c.min.js (35)
[73313:259:0709/135628.507330:INFO:CONSOLE(35)] "🚀 container.buildInfo.environment is deprecated.Please use `container.environment.stage` instead", source: https://assets.adobedtm.com/c953b70ef9d9/ccc0c669e691/launch-ce4de90e0d0c.min.js (35)
[73313:259:0709/135629.375468:INFO:CONSOLE(35)] "🚀 container.buildInfo.environment is deprecated.Please use `container.environment.stage` instead", source: https://assets.adobedtm.com/c953b70ef9d9/ccc0c669e691/launch-ce4de90e0d0c.min.js (35)
[73313:259:0709/135629.405143:INFO:CONSOLE(175)] "[object Object]", source: https://static12.samsungcard.com/js/s-wedding/internal/add-apply/UWDDWSWH04M1.js?ver=20160113 (175)
[73313:259:0709/135630.962824:INFO:CONSOLE(175)] "[object Object]", source: https://static12.samsungcard.com/js/s-wedding/internal/add-apply/UWDDWSWH04M1.js?ver=20160113 (175)
[73313:259:0709/135650.288048:INFO:CONSOLE(175)] "[object Object]", source: https://static12.samsungcard.com/js/s-wedding/internal/add-apply/UWDDWSWH04M1.js?ver=20160113 (175)
[73313:259:0709/135653.164693:INFO:CONSOLE(175)] "[object Object]", source: https://static12.samsungcard.com/js/s-wedding/internal/add-apply/UWDDWSWH04M1.js?ver=20160113 (175)
[73313:259:0709/135653.451866:INFO:CONSOLE(175)] "[object Object]", source: https://static12.samsungcard.com/js/s-wedding/internal/add-apply/UWDDWSWH04M1.js?ver=20160113 (175)
[73313:259:0709/135653.623421:INFO:CONSOLE(175)] "[object Object]", source: https://static12.samsungcard.com/js/s-wedding/internal/add-apply/UWDDWSWH04M1.js?ver=20160113 (175)
[73313:259:0709/135654.322318:INFO:CONSOLE(175)] "[object Object]", source: https://static12.samsungcard.com/js/s-wedding/internal/add-apply/UWDDWSWH04M1.js?ver=20160113 (175)
[73313:259:0709/135654.959102:INFO:CONSOLE(175)] "[object Object]", source: https://static12.samsungcard.com/js/s-wedding/internal/add-apply/UWDDWSWH04M1.js?ver=20160113 (175)
[73313:259:0709/135655.192428:INFO:CONSOLE(175)] "[object Object]", source: https://static12.samsungcard.com/js/s-wedding/internal/add-apply/UWDDWSWH04M1.js?ver=20160113 (175)
[73313:259:0709/135655.903789:INFO:CONSOLE(175)] "[object Object]", source: https://static12.samsungcard.com/js/s-wedding/internal/add-apply/UWDDWSWH04M1.js?ver=20160113 (175)
[73313:259:0709/135656.274041:INFO:CONSOLE(175)] "[object Object]", source: https://static12.samsungcard.com/js/s-wedding/internal/add-apply/UWDDWSWH04M1.js?ver=20160113 (175)
[73313:259:0709/135656.441075:INFO:CONSOLE(175)] "[object Object]", source: https://static12.samsungcard.com/js/s-wedding/internal/add-apply/UWDDWSWH04M1.js?ver=20160113 (175)
[73313:259:0709/135656.615767:INFO:CONSOLE(175)] "[object Object]", source: https://static12.samsungcard.com/js/s-wedding/internal/add-apply/UWDDWSWH04M1.js?ver=20160113 (175)
[73313:259:0709/135656.808426:INFO:CONSOLE(175)] "[object Object]", source: https://static12.samsungcard.com/js/s-wedding/internal/add-apply/UWDDWSWH04M1.js?ver=20160113 (175)
[73313:259:0709/135657.295567:INFO:CONSOLE(175)] "[object Object]", source: https://static12.samsungcard.com/js/s-wedding/internal/add-apply/UWDDWSWH04M1.js?ver=20160113 (175)
[73313:259:0709/135707.286766:INFO:CONSOLE(175)] "[object Object]", source: https://static12.samsungcard.com/js/s-wedding/internal/add-apply/UWDDWSWH04M1.js?ver=20160113 (175)
[73313:259:0709/135711.643069:INFO:CONSOLE(175)] "[object Object]", source: https://static12.samsungcard.com/js/s-wedding/internal/add-apply/UWDDWSWH04M1.js?ver=20160113 (175)
[73313:259:0709/135712.606535:INFO:CONSOLE(175)] "[object Object]", source: https://static12.samsungcard.com/js/s-wedding/internal/add-apply/UWDDWSWH04M1.js?ver=20160113 (175)
[73313:259:0709/135713.801717:INFO:CONSOLE(175)] "[object Object]", source: https://static12.samsungcard.com/js/s-wedding/internal/add-apply/UWDDWSWH04M1.js?ver=20160113 (175)
[73313:259:0709/135715.080140:INFO:CONSOLE(175)] "[object Object]", source: https://static12.samsungcard.com/js/s-wedding/internal/add-apply/UWDDWSWH04M1.js?ver=20160113 (175)
[73313:259:0709/135715.763982:INFO:CONSOLE(175)] "[object Object]", source: https://static12.samsungcard.com/js/s-wedding/internal/add-apply/UWDDWSWH04M1.js?ver=20160113 (175)
[73313:259:0709/135719.091377:INFO:CONSOLE(175)] "[object Object]", source: https://static12.samsungcard.com/js/s-wedding/internal/add-apply/UWDDWSWH04M1.js?ver=20160113 (175)
[73313:259:0709/135720.336365:INFO:CONSOLE(175)] "[object Object]", source: https://static12.samsungcard.com/js/s-wedding/internal/add-apply/UWDDWSWH04M1.js?ver=20160113 (175)
[73313:41731:0709/135732.295271:INFO:rlz_lib.cc(438)] Attempting to send RLZ ping brand=CHFA
[73313:41731:0709/135732.652968:INFO:rlz_lib.cc(447)] Succeeded in sending RLZ ping
[73313:259:0709/135734.068083:INFO:CONSOLE(175)] "[object Object]", source: https://static12.samsungcard.com/js/s-wedding/internal/add-apply/UWDDWSWH04M1.js?ver=20160113 (175)
[73313:259:0709/135735.345275:INFO:CONSOLE(175)] "[object Object]", source: https://static12.samsungcard.com/js/s-wedding/internal/add-apply/UWDDWSWH04M1.js?ver=20160113 (175)
[73313:259:0709/135736.113284:INFO:CONSOLE(175)] "[object Object]", source: https://static12.samsungcard.com/js/s-wedding/internal/add-apply/UWDDWSWH04M1.js?ver=20160113 (175)
[73313:259:0709/135737.671697:INFO:CONSOLE(175)] "[object Object]", source: https://static12.samsungcard.com/js/s-wedding/internal/add-apply/UWDDWSWH04M1.js?ver=20160113 (175)
[73313:259:0709/135807.291206:INFO:CONSOLE(175)] "[object Object]", source: https://static12.samsungcard.com/js/s-wedding/internal/add-apply/UWDDWSWH04M1.js?ver=20160113 (175)
[73313:259:0709/135808.350949:INFO:CONSOLE(175)] "[object Object]", source: https://static12.samsungcard.com/js/s-wedding/internal/add-apply/UWDDWSWH04M1.js?ver=20160113 (175)
[73321:259:0709/135818.945162:WARNING:angle_platform_impl.cc(49)] SizedMRUCache.h:150 (TrimCache): Overflowed the metal library cache limit of 64 elements, removing the least recently used to make room.
[73321:259:0709/135822.649294:WARNING:angle_platform_impl.cc(49)] SizedMRUCache.h:150 (TrimCache): Overflowed the render pipeline cache limit of 64 elements, removing the least recently used to make room.
[73413:259:0709/135822.879463:ERROR:system_services.cc(31)] SetApplicationIsDaemon: Error Domain=NSOSStatusErrorDomain Code=-50 "paramErr: error in user parameter list" (-50)
[73313:259:0709/135824.019098:ERROR:interface_endpoint_client.cc(722)] Message 5 rejected by interface blink.mojom.WidgetHost
[73313:259:0709/135825.464833:INFO:CONSOLE(2991)] "Uncaught TypeError: a.handleReleaseOutside is not a function", source: https://time.navyism.com/time.js?20240627-2 (2991)
[73322:13315:0709/135825.508581:WARNING:spdy_session.cc(2979)] Received HEADERS for invalid stream 1
[73322:13315:0709/135825.511474:WARNING:spdy_session.cc(2979)] Received HEADERS for invalid stream 1
[73322:13315:0709/135825.530430:WARNING:spdy_session.cc(2979)] Received HEADERS for invalid stream 3
[73313:259:0709/135826.419503:INFO:CONSOLE(2991)] "Uncaught TypeError: a.handleReleaseOutside is not a function", source: https://time.navyism.com/time.js?20240627-2 (2991)
[73321:259:0709/135826.461634:ERROR:shared_image_manager.cc(277)] SharedImageManager::ProduceOverlay: Trying to Produce a Overlay representation from a non-existent mailbox.
[73321:259:0709/135826.461663:ERROR:skia_output_device_buffer_queue.cc(402)] Invalid mailbox.
[73322:13315:0709/135826.476122:WARNING:spdy_session.cc(2979)] Received HEADERS for invalid stream 3
[73321:259:0709/135826.478313:ERROR:shared_image_manager.cc(277)] SharedImageManager::ProduceOverlay: Trying to Produce a Overlay representation from a non-existent mailbox.
[73321:259:0709/135826.478338:ERROR:skia_output_device_buffer_queue.cc(402)] Invalid mailbox.
[73313:259:0709/135902.887760:INFO:CONSOLE(175)] "[object Object]", source: https://static12.samsungcard.com/js/s-wedding/internal/add-apply/UWDDWSWH04M1.js?ver=20160113 (175)
[73313:259:0709/135903.816915:INFO:CONSOLE(175)] "[object Object]", source: https://static12.samsungcard.com/js/s-wedding/internal/add-apply/UWDDWSWH04M1.js?ver=20160113 (175)
[73313:259:0709/135920.526805:INFO:CONSOLE(175)] "[object Object]", source: https://static12.samsungcard.com/js/s-wedding/internal/add-apply/UWDDWSWH04M1.js?ver=20160113 (175)
[73313:259:0709/135921.291870:INFO:CONSOLE(175)] "[object Object]", source: https://static12.samsungcard.com/js/s-wedding/internal/add-apply/UWDDWSWH04M1.js?ver=20160113 (175)
[73313:259:0709/135924.770062:INFO:CONSOLE(175)] "[object Object]", source: https://static12.samsungcard.com/js/s-wedding/internal/add-apply/UWDDWSWH04M1.js?ver=20160113 (175)
[73313:259:0709/135946.721956:INFO:CONSOLE(175)] "[object Object]", source: https://static12.samsungcard.com/js/s-wedding/internal/add-apply/UWDDWSWH04M1.js?ver=20160113 (175)
[73313:259:0709/135947.694178:INFO:CONSOLE(175)] "[object Object]", source: https://static12.samsungcard.com/js/s-wedding/internal/add-apply/UWDDWSWH04M1.js?ver=20160113 (175)
[73313:259:0709/140003.179620:INFO:CONSOLE(175)] "[object Object]", source: https://static12.samsungcard.com/js/s-wedding/internal/add-apply/UWDDWSWH04M1.js?ver=20160113 (175)
[73313:259:0709/140010.981472:INFO:CONSOLE(35)] "🚀 container.buildInfo.environment is deprecated.Please use `container.environment.stage` instead", source: https://assets.adobedtm.com/c953b70ef9d9/ccc0c669e691/launch-ce4de90e0d0c.min.js (35)
[73313:259:0709/140014.814812:INFO:CONSOLE(35)] "🚀 container.buildInfo.environment is deprecated.Please use `container.environment.stage` instead", source: https://assets.adobedtm.com/c953b70ef9d9/ccc0c669e691/launch-ce4de90e0d0c.min.js (35)
[73321:259:0709/140135.009159:WARNING:angle_platform_impl.cc(49)] SizedMRUCache.h:150 (TrimCache): Overflowed the render pipeline cache limit of 64 elements, removing the least recently used to make room.
[73313:259:0709/140151.232305:INFO:CONSOLE(35)] "🚀 container.buildInfo.environment is deprecated.Please use `container.environment.stage` instead", source: https://assets.adobedtm.com/c953b70ef9d9/ccc0c669e691/launch-ce4de90e0d0c.min.js (35)
[73313:259:0709/140152.409607:INFO:CONSOLE(35)] "🚀 container.buildInfo.environment is deprecated.Please use `container.environment.stage` instead", source: https://assets.adobedtm.com/c953b70ef9d9/ccc0c669e691/launch-ce4de90e0d0c.min.js (35)
[73313:259:0709/140152.431699:INFO:CONSOLE(175)] "[object Object]", source: https://static12.samsungcard.com/js/s-wedding/internal/add-apply/UWDDWSWH04M1.js?ver=20160113 (175)
[73313:259:0709/140155.725851:INFO:CONSOLE(175)] "[object Object]", source: https://static12.samsungcard.com/js/s-wedding/internal/add-apply/UWDDWSWH04M1.js?ver=20160113 (175)
[73313:259:0709/140156.899489:INFO:CONSOLE(175)] "[object Object]", source: https://static12.samsungcard.com/js/s-wedding/internal/add-apply/UWDDWSWH04M1.js?ver=20160113 (175)
[73313:259:0709/140157.045470:INFO:CONSOLE(175)] "[object Object]", source: https://static12.samsungcard.com/js/s-wedding/internal/add-apply/UWDDWSWH04M1.js?ver=20160113 (175)
[73313:259:0709/140157.152076:INFO:CONSOLE(175)] "[object Object]", source: https://static12.samsungcard.com/js/s-wedding/internal/add-apply/UWDDWSWH04M1.js?ver=20160113 (175)
[73313:259:0709/140158.036661:INFO:CONSOLE(175)] "[object Object]", source: https://static12.samsungcard.com/js/s-wedding/internal/add-apply/UWDDWSWH04M1.js?ver=20160113 (175)
[73313:259:0709/140158.188503:INFO:CONSOLE(175)] "[object Object]", source: https://static12.samsungcard.com/js/s-wedding/internal/add-apply/UWDDWSWH04M1.js?ver=20160113 (175)
[73313:259:0709/140158.455350:INFO:CONSOLE(175)] "[object Object]", source: https://static12.samsungcard.com/js/s-wedding/internal/add-apply/UWDDWSWH04M1.js?ver=20160113 (175)
[73313:259:0709/140159.185501:INFO:CONSOLE(175)] "[object Object]", source: https://static12.samsungcard.com/js/s-wedding/internal/add-apply/UWDDWSWH04M1.js?ver=20160113 (175)
[73313:259:0709/140159.352535:INFO:CONSOLE(175)] "[object Object]", source: https://static12.samsungcard.com/js/s-wedding/internal/add-apply/UWDDWSWH04M1.js?ver=20160113 (175)
[73313:259:0709/140159.499950:INFO:CONSOLE(175)] "[object Object]", source: https://static12.samsungcard.com/js/s-wedding/internal/add-apply/UWDDWSWH04M1.js?ver=20160113 (175)
[73313:259:0709/140159.943974:INFO:CONSOLE(175)] "[object Object]", source: https://static12.samsungcard.com/js/s-wedding/internal/add-apply/UWDDWSWH04M1.js?ver=20160113 (175)
[73313:259:0709/140200.336119:INFO:CONSOLE(175)] "[object Object]", source: https://static12.samsungcard.com/js/s-wedding/internal/add-apply/UWDDWSWH04M1.js?ver=20160113 (175)
[73313:259:0709/140200.618120:INFO:CONSOLE(175)] "[object Object]", source: https://static12.samsungcard.com/js/s-wedding/internal/add-apply/UWDDWSWH04M1.js?ver=20160113 (175)
[73313:259:0709/140233.756651:INFO:CONSOLE(175)] "[object Object]", source: https://static12.samsungcard.com/js/s-wedding/internal/add-apply/UWDDWSWH04M1.js?ver=20160113 (175)
[73313:259:0709/140235.395881:INFO:CONSOLE(175)] "[object Object]", source: https://static12.samsungcard.com/js/s-wedding/internal/add-apply/UWDDWSWH04M1.js?ver=20160113 (175)
[73313:259:0709/140236.056338:INFO:CONSOLE(175)] "[object Object]", source: https://static12.samsungcard.com/js/s-wedding/internal/add-apply/UWDDWSWH04M1.js?ver=20160113 (175)
[73313:259:0709/140236.545846:INFO:CONSOLE(175)] "[object Object]", source: https://static12.samsungcard.com/js/s-wedding/internal/add-apply/UWDDWSWH04M1.js?ver=20160113 (175)
[73313:259:0709/140237.117028:INFO:CONSOLE(175)] "[object Object]", source: https://static12.samsungcard.com/js/s-wedding/internal/add-apply/UWDDWSWH04M1.js?ver=20160113 (175)
[73313:259:0709/140237.597100:INFO:CONSOLE(175)] "[object Object]", source: https://static12.samsungcard.com/js/s-wedding/internal/add-apply/UWDDWSWH04M1.js?ver=20160113 (175)
[73313:259:0709/140238.045094:INFO:CONSOLE(175)] "[object Object]", source: https://static12.samsungcard.com/js/s-wedding/internal/add-apply/UWDDWSWH04M1.js?ver=20160113 (175)
[73313:259:0709/140238.500063:INFO:CONSOLE(175)] "[object Object]", source: https://static12.samsungcard.com/js/s-wedding/internal/add-apply/UWDDWSWH04M1.js?ver=20160113 (175)
[73313:259:0709/140239.150096:INFO:CONSOLE(175)] "[object Object]", source: https://static12.samsungcard.com/js/s-wedding/internal/add-apply/UWDDWSWH04M1.js?ver=20160113 (175)
[73313:259:0709/140239.626747:INFO:CONSOLE(175)] "[object Object]", source: https://static12.samsungcard.com/js/s-wedding/internal/add-apply/UWDDWSWH04M1.js?ver=20160113 (175)
[73313:259:0709/140240.083708:INFO:CONSOLE(175)] "[object Object]", source: https://static12.samsungcard.com/js/s-wedding/internal/add-apply/UWDDWSWH04M1.js?ver=20160113 (175)
[73313:259:0709/140242.016139:INFO:CONSOLE(175)] "[object Object]", source: https://static12.samsungcard.com/js/s-wedding/internal/add-apply/UWDDWSWH04M1.js?ver=20160113 (175)
[73313:259:0709/140255.494856:INFO:CONSOLE(175)] "[object Object]", source: https://static12.samsungcard.com/js/s-wedding/internal/add-apply/UWDDWSWH04M1.js?ver=20160113 (175)
[73313:259:0709/140256.150587:INFO:CONSOLE(175)] "[object Object]", source: https://static12.samsungcard.com/js/s-wedding/internal/add-apply/UWDDWSWH04M1.js?ver=20160113 (175)
[73313:259:0709/140256.311401:INFO:CONSOLE(175)] "[object Object]", source: https://static12.samsungcard.com/js/s-wedding/internal/add-apply/UWDDWSWH04M1.js?ver=20160113 (175)
[73313:259:0709/140256.511085:INFO:CONSOLE(175)] "[object Object]", source: https://static12.samsungcard.com/js/s-wedding/internal/add-apply/UWDDWSWH04M1.js?ver=20160113 (175)
[73313:259:0709/140257.167475:INFO:CONSOLE(175)] "[object Object]", source: https://static12.samsungcard.com/js/s-wedding/internal/add-apply/UWDDWSWH04M1.js?ver=20160113 (175)
[73313:259:0709/140257.765785:INFO:CONSOLE(175)] "[object Object]", source: https://static12.samsungcard.com/js/s-wedding/internal/add-apply/UWDDWSWH04M1.js?ver=20160113 (175)
[73313:259:0709/140257.950909:INFO:CONSOLE(175)] "[object Object]", source: https://static12.samsungcard.com/js/s-wedding/internal/add-apply/UWDDWSWH04M1.js?ver=20160113 (175)
[73313:259:0709/140258.119332:INFO:CONSOLE(175)] "[object Object]", source: https://static12.samsungcard.com/js/s-wedding/internal/add-apply/UWDDWSWH04M1.js?ver=20160113 (175)
[73313:259:0709/140258.290944:INFO:CONSOLE(175)] "[object Object]", source: https://static12.samsungcard.com/js/s-wedding/internal/add-apply/UWDDWSWH04M1.js?ver=20160113 (175)
[73313:259:0709/140258.858214:INFO:CONSOLE(175)] "[object Object]", source: https://static12.samsungcard.com/js/s-wedding/internal/add-apply/UWDDWSWH04M1.js?ver=20160113 (175)
[73313:259:0709/140259.359245:INFO:CONSOLE(175)] "[object Object]", source: https://static12.samsungcard.com/js/s-wedding/internal/add-apply/UWDDWSWH04M1.js?ver=20160113 (175)
[73313:259:0709/140301.333012:INFO:CONSOLE(175)] "[object Object]", source: https://static12.samsungcard.com/js/s-wedding/internal/add-apply/UWDDWSWH04M1.js?ver=20160113 (175)
[73313:259:0709/140307.522884:INFO:CONSOLE(175)] "[object Object]", source: https://static12.samsungcard.com/js/s-wedding/internal/add-apply/UWDDWSWH04M1.js?ver=20160113 (175)
[73313:259:0709/140308.330588:INFO:CONSOLE(175)] "[object Object]", source: https://static12.samsungcard.com/js/s-wedding/internal/add-apply/UWDDWSWH04M1.js?ver=20160113 (175)
[73313:259:0709/140308.752877:INFO:CONSOLE(175)] "[object Object]", source: https://static12.samsungcard.com/js/s-wedding/internal/add-apply/UWDDWSWH04M1.js?ver=20160113 (175)
[73313:259:0709/140309.132450:INFO:CONSOLE(175)] "[object Object]", source: https://static12.samsungcard.com/js/s-wedding/internal/add-apply/UWDDWSWH04M1.js?ver=20160113 (175)
[73313:259:0709/140309.699164:INFO:CONSOLE(175)] "[object Object]", source: https://static12.samsungcard.com/js/s-wedding/internal/add-apply/UWDDWSWH04M1.js?ver=20160113 (175)
[73313:259:0709/140310.232551:INFO:CONSOLE(175)] "[object Object]", source: https://static12.samsungcard.com/js/s-wedding/internal/add-apply/UWDDWSWH04M1.js?ver=20160113 (175)
[73313:259:0709/140310.679405:INFO:CONSOLE(175)] "[object Object]", source: https://static12.samsungcard.com/js/s-wedding/internal/add-apply/UWDDWSWH04M1.js?ver=20160113 (175)
[73313:259:0709/140311.762376:INFO:CONSOLE(175)] "[object Object]", source: https://static12.samsungcard.com/js/s-wedding/internal/add-apply/UWDDWSWH04M1.js?ver=20160113 (175)
[73313:259:0709/140312.502298:INFO:CONSOLE(175)] "[object Object]", source: https://static12.samsungcard.com/js/s-wedding/internal/add-apply/UWDDWSWH04M1.js?ver=20160113 (175)
[73313:259:0709/140313.020295:INFO:CONSOLE(175)] "[object Object]", source: https://static12.samsungcard.com/js/s-wedding/internal/add-apply/UWDDWSWH04M1.js?ver=20160113 (175)
[73313:259:0709/140313.564517:INFO:CONSOLE(175)] "[object Object]", source: https://static12.samsungcard.com/js/s-wedding/internal/add-apply/UWDDWSWH04M1.js?ver=20160113 (175)
[73313:259:0709/140315.115200:INFO:CONSOLE(175)] "[object Object]", source: https://static12.samsungcard.com/js/s-wedding/internal/add-apply/UWDDWSWH04M1.js?ver=20160113 (175)
[73313:259:0709/140319.619490:INFO:CONSOLE(175)] "[object Object]", source: https://static12.samsungcard.com/js/s-wedding/internal/add-apply/UWDDWSWH04M1.js?ver=20160113 (175)
[73313:259:0709/140320.183429:INFO:CONSOLE(175)] "[object Object]", source: https://static12.samsungcard.com/js/s-wedding/internal/add-apply/UWDDWSWH04M1.js?ver=20160113 (175)
[73313:259:0709/140320.765078:INFO:CONSOLE(175)] "[object Object]", source: https://static12.samsungcard.com/js/s-wedding/internal/add-apply/UWDDWSWH04M1.js?ver=20160113 (175)
[73313:259:0709/140321.452133:INFO:CONSOLE(175)] "[object Object]", source: https://static12.samsungcard.com/js/s-wedding/internal/add-apply/UWDDWSWH04M1.js?ver=20160113 (175)
[73313:259:0709/140322.111718:INFO:CONSOLE(175)] "[object Object]", source: https://static12.samsungcard.com/js/s-wedding/internal/add-apply/UWDDWSWH04M1.js?ver=20160113 (175)
[73313:259:0709/140322.279384:INFO:CONSOLE(175)] "[object Object]", source: https://static12.samsungcard.com/js/s-wedding/internal/add-apply/UWDDWSWH04M1.js?ver=20160113 (175)
[73313:259:0709/140322.459011:INFO:CONSOLE(175)] "[object Object]", source: https://static12.samsungcard.com/js/s-wedding/internal/add-apply/UWDDWSWH04M1.js?ver=20160113 (175)
[73313:259:0709/140322.606148:INFO:CONSOLE(175)] "[object Object]", source: https://static12.samsungcard.com/js/s-wedding/internal/add-apply/UWDDWSWH04M1.js?ver=20160113 (175)
[73313:259:0709/140322.775203:INFO:CONSOLE(175)] "[object Object]", source: https://static12.samsungcard.com/js/s-wedding/internal/add-apply/UWDDWSWH04M1.js?ver=20160113 (175)
[73313:259:0709/140323.388174:INFO:CONSOLE(175)] "[object Object]", source: https://static12.samsungcard.com/js/s-wedding/internal/add-apply/UWDDWSWH04M1.js?ver=20160113 (175)
[73313:259:0709/140323.559747:INFO:CONSOLE(175)] "[object Object]", source: https://static12.samsungcard.com/js/s-wedding/internal/add-apply/UWDDWSWH04M1.js?ver=20160113 (175)
[73313:259:0709/140323.731983:INFO:CONSOLE(175)] "[object Object]", source: https://static12.samsungcard.com/js/s-wedding/internal/add-apply/UWDDWSWH04M1.js?ver=20160113 (175)
[73313:259:0709/140323.874204:INFO:CONSOLE(175)] "[object Object]", source: https://static12.samsungcard.com/js/s-wedding/internal/add-apply/UWDDWSWH04M1.js?ver=20160113 (175)
[73313:259:0709/140324.052080:INFO:CONSOLE(175)] "[object Object]", source: https://static12.samsungcard.com/js/s-wedding/internal/add-apply/UWDDWSWH04M1.js?ver=20160113 (175)
[73313:259:0709/140324.226558:INFO:CONSOLE(175)] "[object Object]", source: https://static12.samsungcard.com/js/s-wedding/internal/add-apply/UWDDWSWH04M1.js?ver=20160113 (175)
[73313:259:0709/140324.410017:INFO:CONSOLE(175)] "[object Object]", source: https://static12.samsungcard.com/js/s-wedding/internal/add-apply/UWDDWSWH04M1.js?ver=20160113 (175)
[73313:259:0709/140324.626226:INFO:CONSOLE(175)] "[object Object]", source: https://static12.samsungcard.com/js/s-wedding/internal/add-apply/UWDDWSWH04M1.js?ver=20160113 (175)
[73313:259:0709/140324.826247:INFO:CONSOLE(175)] "[object Object]", source: https://static12.samsungcard.com/js/s-wedding/internal/add-apply/UWDDWSWH04M1.js?ver=20160113 (175)
[73313:259:0709/140325.532308:INFO:CONSOLE(175)] "[object Object]", source: https://static12.samsungcard.com/js/s-wedding/internal/add-apply/UWDDWSWH04M1.js?ver=20160113 (175)
[73313:259:0709/140328.401151:INFO:CONSOLE(175)] "[object Object]", source: https://static12.samsungcard.com/js/s-wedding/internal/add-apply/UWDDWSWH04M1.js?ver=20160113 (175)
[73313:259:0709/140443.242403:ERROR:network_service_instance_impl.cc(600)] Network service crashed, restarting service.
[73313:259:0709/140443.388257:WARNING:pref_notifier_impl.cc(41)] Pref observer for media_router.cast_allow_all_ips found at shutdown.
